{"/Users/aroslavepifancev/Documents/GitHub/course.Node.JS/Курс/API/src/app.ts": {"path":"/Users/aroslavepifancev/Documents/GitHub/course.Node.JS/Курс/API/src/app.ts","statementMap":{"0":{"start":{"line":1,"column":0},"end":{"line":1,"column":43}},"1":{"start":{"line":3,"column":0},"end":{"line":3,"column":58}},"2":{"start":{"line":6,"column":0},"end":{"line":6,"column":47}},"3":{"start":{"line":7,"column":0},"end":{"line":7,"column":32}},"4":{"start":{"line":8,"column":0},"end":{"line":8,"column":26}},"5":{"start":{"line":9,"column":0},"end":{"line":9,"column":35}},"6":{"start":{"line":12,"column":0},"end":{"line":12,"column":58}},"7":{"start":{"line":13,"column":0},"end":{"line":13,"column":58}},"8":{"start":{"line":16,"column":7},"end":{"line":57,"column":null}},"9":{"start":{"line":22,"column":33},"end":{"line":22,"column":48}},"10":{"start":{"line":23,"column":40},"end":{"line":23,"column":56}},"11":{"start":{"line":24,"column":40},"end":{"line":24,"column":71}},"12":{"start":{"line":25,"column":39},"end":{"line":25,"column":68}},"13":{"start":{"line":26,"column":39},"end":{"line":26,"column":54}},"14":{"start":{"line":28,"column":2},"end":{"line":28,"column":23}},"15":{"start":{"line":29,"column":2},"end":{"line":29,"column":19}},"16":{"start":{"line":33,"column":2},"end":{"line":33,"column":23}},"17":{"start":{"line":34,"column":25},"end":{"line":34,"column":77}},"18":{"start":{"line":35,"column":2},"end":{"line":35,"column":60}},"19":{"start":{"line":39,"column":2},"end":{"line":39,"column":53}},"20":{"start":{"line":43,"column":2},"end":{"line":43,"column":68}},"21":{"start":{"line":47,"column":2},"end":{"line":47,"column":23}},"22":{"start":{"line":48,"column":2},"end":{"line":48,"column":19}},"23":{"start":{"line":49,"column":2},"end":{"line":49,"column":28}},"24":{"start":{"line":50,"column":2},"end":{"line":50,"column":37}},"25":{"start":{"line":51,"column":2},"end":{"line":51,"column":43}},"26":{"start":{"line":52,"column":2},"end":{"line":52,"column":70}},"27":{"start":{"line":55,"column":2},"end":{"line":55,"column":22}},"28":{"start":{"line":16,"column":13},"end":{"line":16,"column":16}},"29":{"start":{"line":16,"column":13},"end":{"line":57,"column":null}}},"fnMap":{"0":{"name":"(anonymous_12)","decl":{"start":{"line":21,"column":1},"end":{"line":21,"column":null}},"loc":{"start":{"line":26,"column":67},"end":{"line":30,"column":2}}},"1":{"name":"(anonymous_13)","decl":{"start":{"line":32,"column":1},"end":{"line":32,"column":14}},"loc":{"start":{"line":32,"column":14},"end":{"line":36,"column":2}}},"2":{"name":"(anonymous_14)","decl":{"start":{"line":38,"column":1},"end":{"line":38,"column":10}},"loc":{"start":{"line":38,"column":10},"end":{"line":40,"column":2}}},"3":{"name":"(anonymous_15)","decl":{"start":{"line":42,"column":1},"end":{"line":42,"column":19}},"loc":{"start":{"line":42,"column":19},"end":{"line":44,"column":2}}},"4":{"name":"(anonymous_16)","decl":{"start":{"line":46,"column":14},"end":{"line":46,"column":18}},"loc":{"start":{"line":46,"column":18},"end":{"line":53,"column":null}}},"5":{"name":"(anonymous_18)","decl":{"start":{"line":54,"column":8},"end":{"line":54,"column":13}},"loc":{"start":{"line":54,"column":13},"end":{"line":56,"column":2}}}},"branchMap":{},"s":{"0":1,"1":1,"2":1,"3":1,"4":1,"5":1,"6":1,"7":1,"8":1,"9":1,"10":1,"11":1,"12":1,"13":1,"14":1,"15":1,"16":1,"17":1,"18":1,"19":1,"20":1,"21":1,"22":1,"23":1,"24":1,"25":1,"26":1,"27":1,"28":1,"29":1},"f":{"0":1,"1":1,"2":1,"3":1,"4":1,"5":1},"b":{}}
,"/Users/aroslavepifancev/Documents/GitHub/course.Node.JS/Курс/API/src/main.ts": {"path":"/Users/aroslavepifancev/Documents/GitHub/course.Node.JS/Курс/API/src/main.ts","statementMap":{"0":{"start":{"line":1,"column":0},"end":{"line":1,"column":67}},"1":{"start":{"line":2,"column":0},"end":{"line":2,"column":28}},"2":{"start":{"line":3,"column":0},"end":{"line":3,"column":58}},"3":{"start":{"line":4,"column":0},"end":{"line":4,"column":56}},"4":{"start":{"line":5,"column":0},"end":{"line":5,"column":58}},"5":{"start":{"line":7,"column":0},"end":{"line":7,"column":32}},"6":{"start":{"line":11,"column":0},"end":{"line":11,"column":52}},"7":{"start":{"line":13,"column":0},"end":{"line":13,"column":56}},"8":{"start":{"line":14,"column":0},"end":{"line":14,"column":58}},"9":{"start":{"line":16,"column":0},"end":{"line":16,"column":58}},"10":{"start":{"line":23,"column":13},"end":{"line":32,"column":3}},"11":{"start":{"line":24,"column":1},"end":{"line":24,"column":67}},"12":{"start":{"line":25,"column":1},"end":{"line":25,"column":64}},"13":{"start":{"line":26,"column":1},"end":{"line":26,"column":64}},"14":{"start":{"line":27,"column":1},"end":{"line":27,"column":55}},"15":{"start":{"line":28,"column":1},"end":{"line":28,"column":79}},"16":{"start":{"line":29,"column":1},"end":{"line":29,"column":83}},"17":{"start":{"line":30,"column":1},"end":{"line":30,"column":80}},"18":{"start":{"line":31,"column":1},"end":{"line":31,"column":57}},"19":{"start":{"line":35,"column":22},"end":{"line":35,"column":37}},"20":{"start":{"line":36,"column":1},"end":{"line":36,"column":32}},"21":{"start":{"line":37,"column":13},"end":{"line":37,"column":53}},"22":{"start":{"line":38,"column":1},"end":{"line":38,"column":18}},"23":{"start":{"line":39,"column":1},"end":{"line":39,"column":30}},"24":{"start":{"line":42,"column":13},"end":{"line":42,"column":32}}},"fnMap":{"0":{"name":"(anonymous_7)","decl":{"start":{"line":23,"column":47},"end":{"line":23,"column":48}},"loc":{"start":{"line":23,"column":73},"end":{"line":32,"column":1}}},"1":{"name":"bootstrap","decl":{"start":{"line":34,"column":15},"end":{"line":34,"column":24}},"loc":{"start":{"line":34,"column":24},"end":{"line":40,"column":null}}}},"branchMap":{},"s":{"0":1,"1":1,"2":1,"3":1,"4":1,"5":1,"6":1,"7":1,"8":1,"9":1,"10":1,"11":1,"12":1,"13":1,"14":1,"15":1,"16":1,"17":1,"18":1,"19":1,"20":1,"21":1,"22":1,"23":1,"24":1},"f":{"0":1,"1":1},"b":{}}
,"/Users/aroslavepifancev/Documents/GitHub/course.Node.JS/Курс/API/src/types.ts": {"path":"/Users/aroslavepifancev/Documents/GitHub/course.Node.JS/Курс/API/src/types.ts","statementMap":{"0":{"start":{"line":1,"column":13},"end":{"line":10,"column":2}}},"fnMap":{},"branchMap":{},"s":{"0":1},"f":{},"b":{}}
,"/Users/aroslavepifancev/Documents/GitHub/course.Node.JS/Курс/API/src/common/auth.guard.ts": {"path":"/Users/aroslavepifancev/Documents/GitHub/course.Node.JS/Курс/API/src/common/auth.guard.ts","statementMap":{"0":{"start":{"line":6,"column":2},"end":{"line":8,"column":3}},"1":{"start":{"line":7,"column":3},"end":{"line":7,"column":17}},"2":{"start":{"line":9,"column":2},"end":{"line":9,"column":56}},"3":{"start":{"line":4,"column":0},"end":{"line":4,"column":13}}},"fnMap":{"0":{"name":"(anonymous_0)","decl":{"start":{"line":5,"column":1},"end":{"line":5,"column":8}},"loc":{"start":{"line":5,"column":56},"end":{"line":10,"column":2}}}},"branchMap":{"0":{"loc":{"start":{"line":6,"column":2},"end":{"line":8,"column":3}},"type":"if","locations":[{"start":{"line":6,"column":2},"end":{"line":8,"column":3}}]}},"s":{"0":2,"1":1,"2":1,"3":1},"f":{"0":2},"b":{"0":[1]}}
,"/Users/aroslavepifancev/Documents/GitHub/course.Node.JS/Курс/API/src/common/auth.middleware.ts": {"path":"/Users/aroslavepifancev/Documents/GitHub/course.Node.JS/Курс/API/src/common/auth.middleware.ts","statementMap":{"0":{"start":{"line":3,"column":0},"end":{"line":3,"column":38}},"1":{"start":{"line":6,"column":21},"end":{"line":6,"column":35}},"2":{"start":{"line":8,"column":2},"end":{"line":19,"column":3}},"3":{"start":{"line":9,"column":3},"end":{"line":16,"column":6}},"4":{"start":{"line":10,"column":4},"end":{"line":15,"column":5}},"5":{"start":{"line":11,"column":5},"end":{"line":11,"column":12}},"6":{"start":{"line":12,"column":11},"end":{"line":15,"column":5}},"7":{"start":{"line":13,"column":5},"end":{"line":13,"column":30}},"8":{"start":{"line":14,"column":5},"end":{"line":14,"column":12}},"9":{"start":{"line":18,"column":3},"end":{"line":18,"column":10}},"10":{"start":{"line":5,"column":0},"end":{"line":5,"column":13}}},"fnMap":{"0":{"name":"(anonymous_0)","decl":{"start":{"line":6,"column":1},"end":{"line":6,"column":21}},"loc":{"start":{"line":6,"column":35},"end":{"line":6,"column":39}}},"1":{"name":"(anonymous_1)","decl":{"start":{"line":7,"column":1},"end":{"line":7,"column":8}},"loc":{"start":{"line":7,"column":56},"end":{"line":20,"column":2}}},"2":{"name":"(anonymous_2)","decl":{"start":{"line":9,"column":64},"end":{"line":9,"column":65}},"loc":{"start":{"line":9,"column":81},"end":{"line":16,"column":4}}}},"branchMap":{"0":{"loc":{"start":{"line":8,"column":2},"end":{"line":19,"column":3}},"type":"if","locations":[{"start":{"line":8,"column":2},"end":{"line":19,"column":3}},{"start":{"line":17,"column":9},"end":{"line":19,"column":3}}]},"1":{"loc":{"start":{"line":10,"column":4},"end":{"line":15,"column":5}},"type":"if","locations":[{"start":{"line":10,"column":4},"end":{"line":15,"column":5}},{"start":{"line":12,"column":11},"end":{"line":15,"column":5}}]},"2":{"loc":{"start":{"line":12,"column":11},"end":{"line":15,"column":5}},"type":"if","locations":[{"start":{"line":12,"column":11},"end":{"line":15,"column":5}}]},"3":{"loc":{"start":{"line":12,"column":15},"end":{"line":12,"column":53}},"type":"binary-expr","locations":[{"start":{"line":12,"column":15},"end":{"line":12,"column":22}},{"start":{"line":12,"column":26},"end":{"line":12,"column":53}}]}},"s":{"0":1,"1":1,"2":6,"3":2,"4":2,"5":1,"6":1,"7":1,"8":1,"9":4,"10":1},"f":{"0":1,"1":6,"2":2},"b":{"0":[2,4],"1":[1,1],"2":[1],"3":[1,1]}}
,"/Users/aroslavepifancev/Documents/GitHub/course.Node.JS/Курс/API/src/common/base.controller.ts": {"path":"/Users/aroslavepifancev/Documents/GitHub/course.Node.JS/Курс/API/src/common/base.controller.ts","statementMap":{"0":{"start":{"line":1,"column":0},"end":{"line":1,"column":43}},"1":{"start":{"line":4,"column":0},"end":{"line":4,"column":39}},"2":{"start":{"line":5,"column":0},"end":{"line":5,"column":9}},"3":{"start":{"line":5,"column":9},"end":{"line":5,"column":33}},"4":{"start":{"line":6,"column":0},"end":{"line":6,"column":26}},"5":{"start":{"line":9,"column":7},"end":{"line":42,"column":null}},"6":{"start":{"line":12,"column":21},"end":{"line":12,"column":36}},"7":{"start":{"line":13,"column":2},"end":{"line":13,"column":26}},"8":{"start":{"line":17,"column":2},"end":{"line":17,"column":22}},"9":{"start":{"line":21,"column":2},"end":{"line":21,"column":31}},"10":{"start":{"line":22,"column":2},"end":{"line":22,"column":39}},"11":{"start":{"line":26,"column":2},"end":{"line":26,"column":41}},"12":{"start":{"line":30,"column":2},"end":{"line":30,"column":29}},"13":{"start":{"line":34,"column":2},"end":{"line":40,"column":3}},"14":{"start":{"line":35,"column":3},"end":{"line":35,"column":54}},"15":{"start":{"line":36,"column":22},"end":{"line":36,"column":88}},"16":{"start":{"line":36,"column":58},"end":{"line":36,"column":87}},"17":{"start":{"line":37,"column":19},"end":{"line":37,"column":40}},"18":{"start":{"line":38,"column":20},"end":{"line":38,"column":67}},"19":{"start":{"line":39,"column":3},"end":{"line":39,"column":51}},"20":{"start":{"line":9,"column":22},"end":{"line":9,"column":36}},"21":{"start":{"line":9,"column":22},"end":{"line":42,"column":null}}},"fnMap":{"0":{"name":"(anonymous_2)","decl":{"start":{"line":5,"column":9},"end":{"line":5,"column":15}},"loc":{"start":{"line":5,"column":9},"end":{"line":5,"column":33}}},"1":{"name":"(anonymous_3)","decl":{"start":{"line":12,"column":1},"end":{"line":12,"column":21}},"loc":{"start":{"line":12,"column":36},"end":{"line":14,"column":2}}},"2":{"name":"(anonymous_4)","decl":{"start":{"line":16,"column":1},"end":{"line":16,"column":5}},"loc":{"start":{"line":16,"column":11},"end":{"line":18,"column":2}}},"3":{"name":"(anonymous_5)","decl":{"start":{"line":20,"column":8},"end":{"line":20,"column":12}},"loc":{"start":{"line":20,"column":55},"end":{"line":23,"column":2}}},"4":{"name":"(anonymous_6)","decl":{"start":{"line":25,"column":8},"end":{"line":25,"column":10}},"loc":{"start":{"line":25,"column":39},"end":{"line":27,"column":2}}},"5":{"name":"(anonymous_7)","decl":{"start":{"line":29,"column":8},"end":{"line":29,"column":15}},"loc":{"start":{"line":29,"column":29},"end":{"line":31,"column":2}}},"6":{"name":"(anonymous_8)","decl":{"start":{"line":33,"column":11},"end":{"line":33,"column":21}},"loc":{"start":{"line":33,"column":48},"end":{"line":41,"column":2}}},"7":{"name":"(anonymous_9)","decl":{"start":{"line":36,"column":45},"end":{"line":36,"column":46}},"loc":{"start":{"line":36,"column":58},"end":{"line":36,"column":87}}}},"branchMap":{"0":{"loc":{"start":{"line":36,"column":22},"end":{"line":36,"column":88}},"type":"cond-expr","locations":[{"start":{"line":36,"column":39},"end":{"line":36,"column":41}},{"start":{"line":36,"column":39},"end":{"line":36,"column":88}}]},"1":{"loc":{"start":{"line":36,"column":22},"end":{"line":36,"column":41}},"type":"binary-expr","locations":[{"start":{"line":36,"column":22},"end":{"line":36,"column":41}},{"start":{"line":36,"column":39},"end":{"line":36,"column":41}}]},"2":{"loc":{"start":{"line":38,"column":20},"end":{"line":38,"column":67}},"type":"cond-expr","locations":[{"start":{"line":38,"column":33},"end":{"line":38,"column":57}},{"start":{"line":38,"column":60},"end":{"line":38,"column":67}}]}},"s":{"0":1,"1":1,"2":1,"3":1,"4":1,"5":1,"6":1,"7":1,"8":4,"9":3,"10":3,"11":3,"12":0,"13":1,"14":3,"15":3,"16":3,"17":3,"18":3,"19":3,"20":1,"21":1},"f":{"0":0,"1":1,"2":4,"3":3,"4":3,"5":0,"6":1,"7":3},"b":{"0":[0,3],"1":[3,3],"2":[3,0]}}
,"/Users/aroslavepifancev/Documents/GitHub/course.Node.JS/Курс/API/src/common/validate.middleware.ts": {"path":"/Users/aroslavepifancev/Documents/GitHub/course.Node.JS/Курс/API/src/common/validate.middleware.ts","statementMap":{"0":{"start":{"line":3,"column":0},"end":{"line":3,"column":70}},"1":{"start":{"line":4,"column":0},"end":{"line":4,"column":43}},"2":{"start":{"line":7,"column":21},"end":{"line":7,"column":62}},"3":{"start":{"line":9,"column":19},"end":{"line":9,"column":62}},"4":{"start":{"line":10,"column":2},"end":{"line":16,"column":5}},"5":{"start":{"line":11,"column":3},"end":{"line":15,"column":4}},"6":{"start":{"line":12,"column":4},"end":{"line":12,"column":33}},"7":{"start":{"line":14,"column":4},"end":{"line":14,"column":11}},"8":{"start":{"line":6,"column":0},"end":{"line":6,"column":13}}},"fnMap":{"0":{"name":"(anonymous_0)","decl":{"start":{"line":7,"column":1},"end":{"line":7,"column":21}},"loc":{"start":{"line":7,"column":62},"end":{"line":7,"column":66}}},"1":{"name":"(anonymous_1)","decl":{"start":{"line":8,"column":1},"end":{"line":8,"column":8}},"loc":{"start":{"line":8,"column":61},"end":{"line":17,"column":2}}},"2":{"name":"(anonymous_2)","decl":{"start":{"line":10,"column":26},"end":{"line":10,"column":27}},"loc":{"start":{"line":10,"column":37},"end":{"line":16,"column":3}}}},"branchMap":{"0":{"loc":{"start":{"line":11,"column":3},"end":{"line":15,"column":4}},"type":"if","locations":[{"start":{"line":11,"column":3},"end":{"line":15,"column":4}},{"start":{"line":13,"column":10},"end":{"line":15,"column":4}}]}},"s":{"0":1,"1":1,"2":2,"3":4,"4":4,"5":4,"6":1,"7":3,"8":1},"f":{"0":2,"1":4,"2":4},"b":{"0":[1,3]}}
,"/Users/aroslavepifancev/Documents/GitHub/course.Node.JS/Курс/API/src/config/config.service.ts": {"path":"/Users/aroslavepifancev/Documents/GitHub/course.Node.JS/Курс/API/src/config/config.service.ts","statementMap":{"0":{"start":{"line":1,"column":0},"end":{"line":1,"column":71}},"1":{"start":{"line":3,"column":0},"end":{"line":3,"column":47}},"2":{"start":{"line":4,"column":0},"end":{"line":4,"column":33}},"3":{"start":{"line":8,"column":7},"end":{"line":23,"column":null}},"4":{"start":{"line":10,"column":44},"end":{"line":10,"column":59}},"5":{"start":{"line":11,"column":37},"end":{"line":11,"column":45}},"6":{"start":{"line":12,"column":2},"end":{"line":17,"column":3}},"7":{"start":{"line":13,"column":3},"end":{"line":13,"column":90}},"8":{"start":{"line":15,"column":3},"end":{"line":15,"column":66}},"9":{"start":{"line":16,"column":3},"end":{"line":16,"column":52}},"10":{"start":{"line":21,"column":2},"end":{"line":21,"column":31}},"11":{"start":{"line":8,"column":13},"end":{"line":8,"column":26}},"12":{"start":{"line":8,"column":13},"end":{"line":23,"column":null}}},"fnMap":{"0":{"name":"(anonymous_4)","decl":{"start":{"line":10,"column":1},"end":{"line":10,"column":14}},"loc":{"start":{"line":10,"column":59},"end":{"line":18,"column":2}}},"1":{"name":"(anonymous_5)","decl":{"start":{"line":20,"column":1},"end":{"line":20,"column":4}},"loc":{"start":{"line":20,"column":43},"end":{"line":22,"column":2}}}},"branchMap":{"0":{"loc":{"start":{"line":12,"column":2},"end":{"line":17,"column":3}},"type":"if","locations":[{"start":{"line":12,"column":2},"end":{"line":17,"column":3}},{"start":{"line":14,"column":9},"end":{"line":17,"column":3}}]}},"s":{"0":1,"1":1,"2":1,"3":1,"4":1,"5":1,"6":1,"7":0,"8":1,"9":1,"10":3,"11":1,"12":1},"f":{"0":1,"1":3},"b":{"0":[0,1]}}
,"/Users/aroslavepifancev/Documents/GitHub/course.Node.JS/Курс/API/src/database/prisma.service.ts": {"path":"/Users/aroslavepifancev/Documents/GitHub/course.Node.JS/Курс/API/src/database/prisma.service.ts","statementMap":{"0":{"start":{"line":1,"column":0},"end":{"line":1,"column":57}},"1":{"start":{"line":2,"column":0},"end":{"line":2,"column":47}},"2":{"start":{"line":3,"column":0},"end":{"line":3,"column":33}},"3":{"start":{"line":7,"column":7},"end":{"line":28,"column":null}},"4":{"start":{"line":10,"column":44},"end":{"line":10,"column":59}},"5":{"start":{"line":11,"column":2},"end":{"line":11,"column":35}},"6":{"start":{"line":15,"column":2},"end":{"line":22,"column":3}},"7":{"start":{"line":16,"column":3},"end":{"line":16,"column":32}},"8":{"start":{"line":17,"column":3},"end":{"line":17,"column":64}},"9":{"start":{"line":19,"column":3},"end":{"line":21,"column":4}},"10":{"start":{"line":20,"column":4},"end":{"line":20,"column":78}},"11":{"start":{"line":26,"column":2},"end":{"line":26,"column":34}},"12":{"start":{"line":7,"column":13},"end":{"line":7,"column":26}},"13":{"start":{"line":7,"column":13},"end":{"line":28,"column":null}}},"fnMap":{"0":{"name":"(anonymous_11)","decl":{"start":{"line":10,"column":1},"end":{"line":10,"column":14}},"loc":{"start":{"line":10,"column":59},"end":{"line":12,"column":2}}},"1":{"name":"(anonymous_12)","decl":{"start":{"line":14,"column":7},"end":{"line":14,"column":14}},"loc":{"start":{"line":14,"column":14},"end":{"line":23,"column":null}}},"2":{"name":"(anonymous_14)","decl":{"start":{"line":25,"column":7},"end":{"line":25,"column":17}},"loc":{"start":{"line":25,"column":17},"end":{"line":27,"column":null}}}},"branchMap":{"0":{"loc":{"start":{"line":19,"column":3},"end":{"line":21,"column":4}},"type":"if","locations":[{"start":{"line":19,"column":3},"end":{"line":21,"column":4}}]}},"s":{"0":1,"1":1,"2":1,"3":1,"4":1,"5":1,"6":1,"7":1,"8":1,"9":0,"10":0,"11":0,"12":1,"13":1},"f":{"0":1,"1":1,"2":0},"b":{"0":[0]}}
,"/Users/aroslavepifancev/Documents/GitHub/course.Node.JS/Курс/API/src/errors/exeption.filter.ts": {"path":"/Users/aroslavepifancev/Documents/GitHub/course.Node.JS/Курс/API/src/errors/exeption.filter.ts","statementMap":{"0":{"start":{"line":3,"column":0},"end":{"line":3,"column":47}},"1":{"start":{"line":4,"column":0},"end":{"line":4,"column":47}},"2":{"start":{"line":6,"column":0},"end":{"line":6,"column":33}},"3":{"start":{"line":7,"column":0},"end":{"line":7,"column":26}},"4":{"start":{"line":10,"column":7},"end":{"line":22,"column":null}},"5":{"start":{"line":11,"column":44},"end":{"line":11,"column":59}},"6":{"start":{"line":14,"column":2},"end":{"line":20,"column":3}},"7":{"start":{"line":15,"column":3},"end":{"line":15,"column":82}},"8":{"start":{"line":16,"column":3},"end":{"line":16,"column":57}},"9":{"start":{"line":18,"column":3},"end":{"line":18,"column":39}},"10":{"start":{"line":19,"column":3},"end":{"line":19,"column":46}},"11":{"start":{"line":10,"column":13},"end":{"line":10,"column":27}},"12":{"start":{"line":10,"column":13},"end":{"line":22,"column":null}}},"fnMap":{"0":{"name":"(anonymous_4)","decl":{"start":{"line":11,"column":1},"end":{"line":11,"column":14}},"loc":{"start":{"line":11,"column":59},"end":{"line":11,"column":63}}},"1":{"name":"(anonymous_5)","decl":{"start":{"line":13,"column":1},"end":{"line":13,"column":6}},"loc":{"start":{"line":13,"column":78},"end":{"line":21,"column":2}}}},"branchMap":{"0":{"loc":{"start":{"line":14,"column":2},"end":{"line":20,"column":3}},"type":"if","locations":[{"start":{"line":14,"column":2},"end":{"line":20,"column":3}},{"start":{"line":17,"column":9},"end":{"line":20,"column":3}}]}},"s":{"0":1,"1":1,"2":1,"3":1,"4":1,"5":1,"6":1,"7":1,"8":1,"9":0,"10":0,"11":1,"12":1},"f":{"0":1,"1":1},"b":{"0":[1,0]}}
,"/Users/aroslavepifancev/Documents/GitHub/course.Node.JS/Курс/API/src/errors/http-error.class.ts": {"path":"/Users/aroslavepifancev/Documents/GitHub/course.Node.JS/Курс/API/src/errors/http-error.class.ts","statementMap":{"0":{"start":{"line":6,"column":2},"end":{"line":6,"column":17}},"1":{"start":{"line":7,"column":2},"end":{"line":7,"column":31}},"2":{"start":{"line":8,"column":2},"end":{"line":8,"column":25}},"3":{"start":{"line":9,"column":2},"end":{"line":9,"column":25}},"4":{"start":{"line":1,"column":0},"end":{"line":1,"column":13}}},"fnMap":{"0":{"name":"(anonymous_0)","decl":{"start":{"line":5,"column":1},"end":{"line":5,"column":13}},"loc":{"start":{"line":5,"column":66},"end":{"line":10,"column":2}}}},"branchMap":{},"s":{"0":1,"1":1,"2":1,"3":1,"4":1},"f":{"0":1},"b":{}}
,"/Users/aroslavepifancev/Documents/GitHub/course.Node.JS/Курс/API/src/logger/logger.service.ts": {"path":"/Users/aroslavepifancev/Documents/GitHub/course.Node.JS/Курс/API/src/logger/logger.service.ts","statementMap":{"0":{"start":{"line":1,"column":0},"end":{"line":1,"column":40}},"1":{"start":{"line":3,"column":0},"end":{"line":3,"column":39}},"2":{"start":{"line":4,"column":0},"end":{"line":4,"column":26}},"3":{"start":{"line":7,"column":7},"end":{"line":25,"column":null}},"4":{"start":{"line":11,"column":2},"end":{"line":11,"column":38}},"5":{"start":{"line":15,"column":2},"end":{"line":15,"column":28}},"6":{"start":{"line":19,"column":2},"end":{"line":19,"column":29}},"7":{"start":{"line":23,"column":2},"end":{"line":23,"column":28}},"8":{"start":{"line":7,"column":13},"end":{"line":7,"column":26}},"9":{"start":{"line":7,"column":13},"end":{"line":25,"column":null}}},"fnMap":{"0":{"name":"(anonymous_2)","decl":{"start":{"line":10,"column":1},"end":{"line":10,"column":null}},"loc":{"start":{"line":10,"column":1},"end":{"line":12,"column":2}}},"1":{"name":"(anonymous_3)","decl":{"start":{"line":14,"column":1},"end":{"line":14,"column":4}},"loc":{"start":{"line":14,"column":23},"end":{"line":16,"column":2}}},"2":{"name":"(anonymous_4)","decl":{"start":{"line":18,"column":1},"end":{"line":18,"column":6}},"loc":{"start":{"line":18,"column":25},"end":{"line":20,"column":2}}},"3":{"name":"(anonymous_5)","decl":{"start":{"line":22,"column":1},"end":{"line":22,"column":5}},"loc":{"start":{"line":22,"column":24},"end":{"line":24,"column":2}}}},"branchMap":{},"s":{"0":1,"1":1,"2":1,"3":1,"4":1,"5":8,"6":1,"7":0,"8":1,"9":1},"f":{"0":1,"1":8,"2":1,"3":0},"b":{}}
,"/Users/aroslavepifancev/Documents/GitHub/course.Node.JS/Курс/API/src/users/user.entity.ts": {"path":"/Users/aroslavepifancev/Documents/GitHub/course.Node.JS/Курс/API/src/users/user.entity.ts","statementMap":{"0":{"start":{"line":1,"column":0},"end":{"line":1,"column":41}},"1":{"start":{"line":6,"column":19},"end":{"line":6,"column":33}},"2":{"start":{"line":7,"column":19},"end":{"line":7,"column":32}},"3":{"start":{"line":10,"column":2},"end":{"line":12,"column":3}},"4":{"start":{"line":11,"column":3},"end":{"line":11,"column":33}},"5":{"start":{"line":16,"column":2},"end":{"line":16,"column":21}},"6":{"start":{"line":20,"column":2},"end":{"line":20,"column":20}},"7":{"start":{"line":24,"column":2},"end":{"line":24,"column":24}},"8":{"start":{"line":28,"column":2},"end":{"line":28,"column":43}},"9":{"start":{"line":32,"column":2},"end":{"line":32,"column":39}},"10":{"start":{"line":3,"column":0},"end":{"line":3,"column":13}}},"fnMap":{"0":{"name":"(anonymous_7)","decl":{"start":{"line":5,"column":1},"end":{"line":5,"column":null}},"loc":{"start":{"line":8,"column":22},"end":{"line":13,"column":2}}},"1":{"name":"(anonymous_8)","decl":{"start":{"line":15,"column":1},"end":{"line":15,"column":5}},"loc":{"start":{"line":15,"column":10},"end":{"line":17,"column":2}}},"2":{"name":"(anonymous_9)","decl":{"start":{"line":19,"column":1},"end":{"line":19,"column":5}},"loc":{"start":{"line":19,"column":9},"end":{"line":21,"column":2}}},"3":{"name":"(anonymous_10)","decl":{"start":{"line":23,"column":1},"end":{"line":23,"column":5}},"loc":{"start":{"line":23,"column":13},"end":{"line":25,"column":2}}},"4":{"name":"(anonymous_11)","decl":{"start":{"line":27,"column":14},"end":{"line":27,"column":25}},"loc":{"start":{"line":27,"column":52},"end":{"line":29,"column":null}}},"5":{"name":"(anonymous_13)","decl":{"start":{"line":31,"column":14},"end":{"line":31,"column":29}},"loc":{"start":{"line":31,"column":42},"end":{"line":33,"column":null}}}},"branchMap":{"0":{"loc":{"start":{"line":10,"column":2},"end":{"line":12,"column":3}},"type":"if","locations":[{"start":{"line":10,"column":2},"end":{"line":12,"column":3}}]}},"s":{"0":1,"1":3,"2":3,"3":3,"4":3,"5":0,"6":0,"7":0,"8":0,"9":3,"10":1},"f":{"0":3,"1":0,"2":0,"3":0,"4":0,"5":3},"b":{"0":[3]}}
,"/Users/aroslavepifancev/Documents/GitHub/course.Node.JS/Курс/API/src/users/users.controller.ts": {"path":"/Users/aroslavepifancev/Documents/GitHub/course.Node.JS/Курс/API/src/users/users.controller.ts","statementMap":{"0":{"start":{"line":2,"column":0},"end":{"line":2,"column":59}},"1":{"start":{"line":3,"column":0},"end":{"line":3,"column":55}},"2":{"start":{"line":4,"column":0},"end":{"line":4,"column":47}},"3":{"start":{"line":5,"column":0},"end":{"line":5,"column":33}},"4":{"start":{"line":7,"column":0},"end":{"line":7,"column":26}},"5":{"start":{"line":9,"column":0},"end":{"line":9,"column":52}},"6":{"start":{"line":10,"column":0},"end":{"line":10,"column":58}},"7":{"start":{"line":11,"column":0},"end":{"line":11,"column":67}},"8":{"start":{"line":12,"column":0},"end":{"line":12,"column":36}},"9":{"start":{"line":15,"column":0},"end":{"line":15,"column":49}},"10":{"start":{"line":18,"column":7},"end":{"line":99,"column":null}},"11":{"start":{"line":24,"column":2},"end":{"line":24,"column":23}},"12":{"start":{"line":20,"column":33},"end":{"line":20,"column":55}},"13":{"start":{"line":21,"column":37},"end":{"line":21,"column":62}},"14":{"start":{"line":22,"column":39},"end":{"line":22,"column":68}},"15":{"start":{"line":25,"column":2},"end":{"line":44,"column":5}},"16":{"start":{"line":52,"column":17},"end":{"line":52,"column":62}},"17":{"start":{"line":53,"column":2},"end":{"line":55,"column":3}},"18":{"start":{"line":54,"column":3},"end":{"line":54,"column":70}},"19":{"start":{"line":56,"column":14},"end":{"line":56,"column":82}},"20":{"start":{"line":57,"column":2},"end":{"line":57,"column":24}},"21":{"start":{"line":58,"column":2},"end":{"line":58,"column":65}},"22":{"start":{"line":62,"column":2},"end":{"line":72,"column":null}},"23":{"start":{"line":66,"column":17},"end":{"line":66,"column":56}},"24":{"start":{"line":67,"column":2},"end":{"line":69,"column":3}},"25":{"start":{"line":68,"column":3},"end":{"line":68,"column":72}},"26":{"start":{"line":70,"column":2},"end":{"line":70,"column":55}},"27":{"start":{"line":71,"column":2},"end":{"line":71,"column":65}},"28":{"start":{"line":74,"column":12},"end":{"line":77,"column":null}},"29":{"start":{"line":75,"column":19},"end":{"line":75,"column":59}},"30":{"start":{"line":76,"column":2},"end":{"line":76,"column":61}},"31":{"start":{"line":80,"column":2},"end":{"line":97,"column":5}},"32":{"start":{"line":81,"column":3},"end":{"line":96,"column":5}},"33":{"start":{"line":91,"column":5},"end":{"line":93,"column":6}},"34":{"start":{"line":92,"column":6},"end":{"line":92,"column":18}},"35":{"start":{"line":94,"column":5},"end":{"line":94,"column":30}},"36":{"start":{"line":18,"column":13},"end":{"line":18,"column":27}},"37":{"start":{"line":18,"column":13},"end":{"line":99,"column":null}}},"fnMap":{"0":{"name":"(anonymous_11)","decl":{"start":{"line":19,"column":1},"end":{"line":19,"column":null}},"loc":{"start":{"line":22,"column":68},"end":{"line":45,"column":2}}},"1":{"name":"(anonymous_12)","decl":{"start":{"line":47,"column":7},"end":{"line":47,"column":12}},"loc":{"start":{"line":50,"column":20},"end":{"line":59,"column":null}}},"2":{"name":"(anonymous_14)","decl":{"start":{"line":61,"column":7},"end":{"line":61,"column":15}},"loc":{"start":{"line":61,"column":15},"end":{"line":72,"column":null}}},"3":{"name":"(anonymous_15)","decl":{"start":{"line":62,"column":2},"end":{"line":62,"column":4}},"loc":{"start":{"line":64,"column":20},"end":{"line":72,"column":2}}},"4":{"name":"(anonymous_16)","decl":{"start":{"line":74,"column":7},"end":{"line":74,"column":11}},"loc":{"start":{"line":74,"column":11},"end":{"line":77,"column":null}}},"5":{"name":"(anonymous_17)","decl":{"start":{"line":74,"column":12},"end":{"line":74,"column":14}},"loc":{"start":{"line":74,"column":64},"end":{"line":77,"column":2}}},"6":{"name":"(anonymous_18)","decl":{"start":{"line":79,"column":9},"end":{"line":79,"column":16}},"loc":{"start":{"line":79,"column":46},"end":{"line":98,"column":2}}},"7":{"name":"(anonymous_19)","decl":{"start":{"line":80,"column":21},"end":{"line":80,"column":22}},"loc":{"start":{"line":80,"column":41},"end":{"line":97,"column":3}}},"8":{"name":"(anonymous_20)","decl":{"start":{"line":90,"column":4},"end":{"line":90,"column":5}},"loc":{"start":{"line":90,"column":19},"end":{"line":95,"column":5}}}},"branchMap":{"0":{"loc":{"start":{"line":53,"column":2},"end":{"line":55,"column":3}},"type":"if","locations":[{"start":{"line":53,"column":2},"end":{"line":55,"column":3}}]},"1":{"loc":{"start":{"line":67,"column":2},"end":{"line":69,"column":3}},"type":"if","locations":[{"start":{"line":67,"column":2},"end":{"line":69,"column":3}}]},"2":{"loc":{"start":{"line":76,"column":24},"end":{"line":76,"column":39}},"type":"cond-expr","locations":[{"start":{"line":76,"column":32},"end":{"line":76,"column":34}},{"start":{"line":76,"column":24},"end":{"line":76,"column":39}}]},"3":{"loc":{"start":{"line":76,"column":24},"end":{"line":76,"column":34}},"type":"binary-expr","locations":[{"start":{"line":76,"column":24},"end":{"line":76,"column":34}},{"start":{"line":76,"column":24},"end":{"line":76,"column":34}}]},"4":{"loc":{"start":{"line":76,"column":45},"end":{"line":76,"column":57}},"type":"cond-expr","locations":[{"start":{"line":76,"column":53},"end":{"line":76,"column":55}},{"start":{"line":76,"column":45},"end":{"line":76,"column":57}}]},"5":{"loc":{"start":{"line":76,"column":45},"end":{"line":76,"column":55}},"type":"binary-expr","locations":[{"start":{"line":76,"column":45},"end":{"line":76,"column":55}},{"start":{"line":76,"column":45},"end":{"line":76,"column":55}}]},"6":{"loc":{"start":{"line":91,"column":5},"end":{"line":93,"column":6}},"type":"if","locations":[{"start":{"line":91,"column":5},"end":{"line":93,"column":6}}]}},"s":{"0":1,"1":1,"2":1,"3":1,"4":1,"5":1,"6":1,"7":1,"8":1,"9":1,"10":1,"11":1,"12":1,"13":1,"14":1,"15":1,"16":3,"17":3,"18":1,"19":2,"20":2,"21":2,"22":0,"23":0,"24":0,"25":0,"26":0,"27":0,"28":1,"29":1,"30":1,"31":2,"32":2,"33":2,"34":0,"35":2,"36":1,"37":1},"f":{"0":1,"1":3,"2":0,"3":0,"4":1,"5":1,"6":2,"7":2,"8":2},"b":{"0":[1],"1":[0],"2":[0,1],"3":[1,1],"4":[0,1],"5":[1,1],"6":[0]}}
,"/Users/aroslavepifancev/Documents/GitHub/course.Node.JS/Курс/API/src/users/users.repository.ts": {"path":"/Users/aroslavepifancev/Documents/GitHub/course.Node.JS/Курс/API/src/users/users.repository.ts","statementMap":{"0":{"start":{"line":4,"column":0},"end":{"line":4,"column":47}},"1":{"start":{"line":5,"column":0},"end":{"line":5,"column":33}},"2":{"start":{"line":6,"column":0},"end":{"line":6,"column":59}},"3":{"start":{"line":9,"column":7},"end":{"line":29,"column":null}},"4":{"start":{"line":10,"column":50},"end":{"line":10,"column":65}},"5":{"start":{"line":12,"column":14},"end":{"line":20,"column":null}},"6":{"start":{"line":13,"column":2},"end":{"line":19,"column":5}},"7":{"start":{"line":23,"column":2},"end":{"line":27,"column":5}},"8":{"start":{"line":9,"column":13},"end":{"line":9,"column":27}},"9":{"start":{"line":9,"column":13},"end":{"line":29,"column":null}}},"fnMap":{"0":{"name":"(anonymous_11)","decl":{"start":{"line":10,"column":1},"end":{"line":10,"column":14}},"loc":{"start":{"line":10,"column":78},"end":{"line":10,"column":82}}},"1":{"name":"(anonymous_12)","decl":{"start":{"line":12,"column":7},"end":{"line":12,"column":13}},"loc":{"start":{"line":12,"column":13},"end":{"line":20,"column":null}}},"2":{"name":"(anonymous_13)","decl":{"start":{"line":12,"column":14},"end":{"line":12,"column":16}},"loc":{"start":{"line":12,"column":45},"end":{"line":20,"column":2}}},"3":{"name":"(anonymous_14)","decl":{"start":{"line":22,"column":7},"end":{"line":22,"column":11}},"loc":{"start":{"line":22,"column":25},"end":{"line":28,"column":null}}}},"branchMap":{},"s":{"0":1,"1":1,"2":1,"3":1,"4":1,"5":0,"6":0,"7":5,"8":1,"9":1},"f":{"0":1,"1":0,"2":0,"3":5},"b":{}}
,"/Users/aroslavepifancev/Documents/GitHub/course.Node.JS/Курс/API/src/users/users.service.ts": {"path":"/Users/aroslavepifancev/Documents/GitHub/course.Node.JS/Курс/API/src/users/users.service.ts","statementMap":{"0":{"start":{"line":1,"column":0},"end":{"line":1,"column":47}},"1":{"start":{"line":4,"column":0},"end":{"line":4,"column":37}},"2":{"start":{"line":6,"column":0},"end":{"line":6,"column":33}},"3":{"start":{"line":12,"column":7},"end":{"line":44,"column":null}},"4":{"start":{"line":14,"column":39},"end":{"line":14,"column":68}},"5":{"start":{"line":15,"column":40},"end":{"line":15,"column":71}},"6":{"start":{"line":17,"column":18},"end":{"line":26,"column":null}},"7":{"start":{"line":18,"column":18},"end":{"line":18,"column":49}},"8":{"start":{"line":19,"column":15},"end":{"line":19,"column":53}},"9":{"start":{"line":20,"column":2},"end":{"line":20,"column":44}},"10":{"start":{"line":21,"column":22},"end":{"line":21,"column":59}},"11":{"start":{"line":22,"column":2},"end":{"line":24,"column":3}},"12":{"start":{"line":23,"column":3},"end":{"line":23,"column":15}},"13":{"start":{"line":25,"column":2},"end":{"line":25,"column":45}},"14":{"start":{"line":28,"column":20},"end":{"line":35,"column":null}},"15":{"start":{"line":29,"column":22},"end":{"line":29,"column":59}},"16":{"start":{"line":30,"column":2},"end":{"line":32,"column":3}},"17":{"start":{"line":31,"column":3},"end":{"line":31,"column":16}},"18":{"start":{"line":33,"column":18},"end":{"line":33,"column":85}},"19":{"start":{"line":34,"column":2},"end":{"line":34,"column":43}},"20":{"start":{"line":38,"column":22},"end":{"line":38,"column":59}},"21":{"start":{"line":39,"column":2},"end":{"line":41,"column":3}},"22":{"start":{"line":40,"column":3},"end":{"line":40,"column":15}},"23":{"start":{"line":42,"column":2},"end":{"line":42,"column":41}},"24":{"start":{"line":12,"column":13},"end":{"line":12,"column":24}},"25":{"start":{"line":12,"column":13},"end":{"line":44,"column":null}}},"fnMap":{"0":{"name":"(anonymous_11)","decl":{"start":{"line":13,"column":1},"end":{"line":13,"column":null}},"loc":{"start":{"line":15,"column":71},"end":{"line":16,"column":5}}},"1":{"name":"(anonymous_12)","decl":{"start":{"line":17,"column":7},"end":{"line":17,"column":17}},"loc":{"start":{"line":17,"column":17},"end":{"line":26,"column":null}}},"2":{"name":"(anonymous_13)","decl":{"start":{"line":17,"column":18},"end":{"line":17,"column":20}},"loc":{"start":{"line":17,"column":60},"end":{"line":26,"column":2}}},"3":{"name":"(anonymous_14)","decl":{"start":{"line":28,"column":7},"end":{"line":28,"column":19}},"loc":{"start":{"line":28,"column":19},"end":{"line":35,"column":null}}},"4":{"name":"(anonymous_15)","decl":{"start":{"line":28,"column":20},"end":{"line":28,"column":22}},"loc":{"start":{"line":28,"column":53},"end":{"line":35,"column":2}}},"5":{"name":"(anonymous_16)","decl":{"start":{"line":37,"column":7},"end":{"line":37,"column":18}},"loc":{"start":{"line":37,"column":32},"end":{"line":43,"column":null}}}},"branchMap":{"0":{"loc":{"start":{"line":22,"column":2},"end":{"line":24,"column":3}},"type":"if","locations":[{"start":{"line":22,"column":2},"end":{"line":24,"column":3}}]},"1":{"loc":{"start":{"line":30,"column":2},"end":{"line":32,"column":3}},"type":"if","locations":[{"start":{"line":30,"column":2},"end":{"line":32,"column":3}}]},"2":{"loc":{"start":{"line":39,"column":2},"end":{"line":41,"column":3}},"type":"if","locations":[{"start":{"line":39,"column":2},"end":{"line":41,"column":3}}]}},"s":{"0":1,"1":1,"2":1,"3":1,"4":1,"5":1,"6":0,"7":0,"8":0,"9":0,"10":0,"11":0,"12":0,"13":0,"14":3,"15":3,"16":3,"17":0,"18":3,"19":3,"20":1,"21":1,"22":0,"23":1,"24":1,"25":1},"f":{"0":1,"1":0,"2":0,"3":3,"4":3,"5":1},"b":{"0":[0],"1":[0],"2":[0]}}
,"/Users/aroslavepifancev/Documents/GitHub/course.Node.JS/Курс/API/src/users/dto/user-login.dto.ts": {"path":"/Users/aroslavepifancev/Documents/GitHub/course.Node.JS/Курс/API/src/users/dto/user-login.dto.ts","statementMap":{"0":{"start":{"line":1,"column":0},"end":{"line":1,"column":52}},"1":{"start":{"line":3,"column":0},"end":{"line":3,"column":13}},"2":{"start":{"line":5,"column":1},"end":{"line":5,"column":null}},"3":{"start":{"line":8,"column":1},"end":{"line":8,"column":null}}},"fnMap":{},"branchMap":{},"s":{"0":1,"1":1,"2":1,"3":1},"f":{},"b":{}}
,"/Users/aroslavepifancev/Documents/GitHub/course.Node.JS/Курс/API/src/users/dto/user-register.dto.ts": {"path":"/Users/aroslavepifancev/Documents/GitHub/course.Node.JS/Курс/API/src/users/dto/user-register.dto.ts","statementMap":{"0":{"start":{"line":1,"column":0},"end":{"line":1,"column":52}},"1":{"start":{"line":3,"column":0},"end":{"line":3,"column":13}},"2":{"start":{"line":5,"column":1},"end":{"line":5,"column":null}},"3":{"start":{"line":8,"column":1},"end":{"line":8,"column":null}},"4":{"start":{"line":11,"column":1},"end":{"line":11,"column":null}}},"fnMap":{},"branchMap":{},"s":{"0":1,"1":1,"2":1,"3":1,"4":1},"f":{},"b":{}}
}
